# JRE version: OpenJDK Runtime Environment (21.0.8) (build 21.0.8+-14196175-b1038.72)
# Java VM: OpenJDK 64-Bit Server VM (21.0.8+-14196175-b1038.72, mixed mode, tiered, compressed oops, compressed class ptrs, g1 gc, windows-amd64)
GC Precious Log:
 CardTable entry size: 512
 Card Set container configuration: InlinePtr #cards 4 size 8 Array Of Cards #cards 32 size 80 Howl #buckets 8 coarsen threshold 7372 Howl Bitmap #cards 1024 size 144 coarsen threshold 921 Card regions per heap region 1 cards per card region 8192
 CPUs: 16 total, 16 available
 Memory: 7519M
 Large Page Support: Disabled
 NUMA Support: Disabled
 Compressed Oops: Enabled (Zero based)
 Heap Region Size: 4M
 Heap Min Capacity: 8M
 Heap Initial Capacity: 120M
 Heap Max Capacity: 8G
 Pre-touch: Disabled
 Parallel Workers: 13
 Concurrent Workers: 3
 Concurrent Refinement Workers: 13
 Periodic GC: Disabled
Heap:
 garbage-first heap   total 348160K, used 236591K [0x0000000600000000, 0x0000000800000000)
  region size 4096K, 13 young (53248K), 4 survivors (16384K)
 Metaspace       used 194896K, committed 197568K, reserved 1245184K
  class space    used 26196K, committed 27456K, reserved 1048576K
GC Heap History (20 events):
Event: 33.397 GC heap before
{Heap before GC invocations=52 (full 0):
 garbage-first heap   total 282624K, used 253390K [0x0000000600000000, 0x0000000800000000)
  region size 4096K, 22 young (90112K), 3 survivors (12288K)
 Metaspace       used 172811K, committed 175296K, reserved 1245184K
  class space    used 23164K, committed 24384K, reserved 1048576K
}
Event: 33.404 GC heap after
{Heap after GC invocations=53 (full 0):
 garbage-first heap   total 282624K, used 178912K [0x0000000600000000, 0x0000000800000000)
  region size 4096K, 1 young (4096K), 1 survivors (4096K)
 Metaspace       used 172811K, committed 175296K, reserved 1245184K
  class space    used 23164K, committed 24384K, reserved 1048576K
}
Event: 34.603 GC heap before
{Heap before GC invocations=54 (full 0):
 garbage-first heap   total 303104K, used 252640K [0x0000000600000000, 0x0000000800000000)
  region size 4096K, 20 young (81920K), 1 survivors (4096K)
 Metaspace       used 179377K, committed 181952K, reserved 1245184K
  class space    used 24113K, committed 25344K, reserved 1048576K
}
Event: 34.607 GC heap after
{Heap after GC invocations=55 (full 0):
 garbage-first heap   total 303104K, used 181017K [0x0000000600000000, 0x0000000800000000)
  region size 4096K, 2 young (8192K), 2 survivors (8192K)
 Metaspace       used 179377K, committed 181952K, reserved 1245184K
  class space    used 24113K, committed 25344K, reserved 1048576K
}
Event: 35.609 GC heap before
{Heap before GC invocations=55 (full 0):
 garbage-first heap   total 303104K, used 271129K [0x0000000600000000, 0x0000000800000000)
  region size 4096K, 24 young (98304K), 2 survivors (8192K)
 Metaspace       used 185800K, committed 188480K, reserved 1245184K
  class space    used 25071K, committed 26368K, reserved 1048576K
}
Event: 35.616 GC heap after
{Heap after GC invocations=56 (full 0):
 garbage-first heap   total 303104K, used 184686K [0x0000000600000000, 0x0000000800000000)
  region size 4096K, 3 young (12288K), 3 survivors (12288K)
 Metaspace       used 185800K, committed 188480K, reserved 1245184K
  class space    used 25071K, committed 26368K, reserved 1048576K
}
Event: 36.305 GC heap before
{Heap before GC invocations=56 (full 0):
 garbage-first heap   total 303104K, used 266606K [0x0000000600000000, 0x0000000800000000)
  region size 4096K, 23 young (94208K), 3 survivors (12288K)
 Metaspace       used 189959K, committed 192576K, reserved 1245184K
  class space    used 25737K, committed 27008K, reserved 1048576K
}
Event: 36.312 GC heap after
{Heap after GC invocations=57 (full 0):
 garbage-first heap   total 303104K, used 187381K [0x0000000600000000, 0x0000000800000000)
  region size 4096K, 2 young (8192K), 2 survivors (8192K)
 Metaspace       used 189959K, committed 192576K, reserved 1245184K
  class space    used 25737K, committed 27008K, reserved 1048576K
}
Event: 43.482 GC heap before
{Heap before GC invocations=58 (full 0):
 garbage-first heap   total 315392K, used 269301K [0x0000000600000000, 0x0000000800000000)
  region size 4096K, 23 young (94208K), 2 survivors (8192K)
 Metaspace       used 194456K, committed 197056K, reserved 1245184K
  class space    used 26126K, committed 27392K, reserved 1048576K
}
Event: 43.489 GC heap after
{Heap after GC invocations=59 (full 0):
 garbage-first heap   total 315392K, used 192784K [0x0000000600000000, 0x0000000800000000)
  region size 4096K, 3 young (12288K), 3 survivors (12288K)
 Metaspace       used 194456K, committed 197056K, reserved 1245184K
  class space    used 26126K, committed 27392K, reserved 1048576K
}
Event: 50.308 GC heap before
{Heap before GC invocations=59 (full 0):
 garbage-first heap   total 315392K, used 270608K [0x0000000600000000, 0x0000000800000000)
  region size 4096K, 23 young (94208K), 3 survivors (12288K)
 Metaspace       used 194786K, committed 197504K, reserved 1245184K
  class space    used 26188K, committed 27456K, reserved 1048576K
}
Event: 50.316 GC heap after
{Heap after GC invocations=60 (full 0):
 garbage-first heap   total 315392K, used 197142K [0x0000000600000000, 0x0000000800000000)
  region size 4096K, 3 young (12288K), 3 survivors (12288K)
 Metaspace       used 194786K, committed 197504K, reserved 1245184K
  class space    used 26188K, committed 27456K, reserved 1048576K
}
Event: 50.457 GC heap before
{Heap before GC invocations=60 (full 0):
 garbage-first heap   total 315392K, used 274966K [0x0000000600000000, 0x0000000800000000)
  region size 4096K, 23 young (94208K), 3 survivors (12288K)
 Metaspace       used 194826K, committed 197504K, reserved 1245184K
  class space    used 26189K, committed 27456K, reserved 1048576K
}
Event: 50.464 GC heap after
{Heap after GC invocations=61 (full 0):
 garbage-first heap   total 315392K, used 201043K [0x0000000600000000, 0x0000000800000000)
  region size 4096K, 3 young (12288K), 3 survivors (12288K)
 Metaspace       used 194826K, committed 197504K, reserved 1245184K
  class space    used 26189K, committed 27456K, reserved 1048576K
}
Event: 50.561 GC heap before
{Heap before GC invocations=61 (full 0):
 garbage-first heap   total 315392K, used 274771K [0x0000000600000000, 0x0000000800000000)
  region size 4096K, 22 young (90112K), 3 survivors (12288K)
 Metaspace       used 194834K, committed 197504K, reserved 1245184K
  class space    used 26189K, committed 27456K, reserved 1048576K
}
Event: 50.565 GC heap after
{Heap after GC invocations=62 (full 0):
 garbage-first heap   total 315392K, used 202822K [0x0000000600000000, 0x0000000800000000)
  region size 4096K, 2 young (8192K), 2 survivors (8192K)
 Metaspace       used 194834K, committed 197504K, reserved 1245184K
  class space    used 26189K, committed 27456K, reserved 1048576K
}
Event: 50.695 GC heap before
{Heap before GC invocations=63 (full 0):
 garbage-first heap   total 348160K, used 280646K [0x0000000600000000, 0x0000000800000000)
  region size 4096K, 21 young (86016K), 2 survivors (8192K)
 Metaspace       used 194835K, committed 197504K, reserved 1245184K
  class space    used 26189K, committed 27456K, reserved 1048576K
}
Event: 50.698 GC heap after
{Heap after GC invocations=64 (full 0):
 garbage-first heap   total 348160K, used 204671K [0x0000000600000000, 0x0000000800000000)
  region size 4096K, 2 young (8192K), 2 survivors (8192K)
 Metaspace       used 194835K, committed 197504K, reserved 1245184K
  class space    used 26189K, committed 27456K, reserved 1048576K
}
Event: 50.991 GC heap before
{Heap before GC invocations=64 (full 0):
 garbage-first heap   total 348160K, used 311167K [0x0000000600000000, 0x0000000800000000)
  region size 4096K, 29 young (118784K), 2 survivors (8192K)
 Metaspace       used 194837K, committed 197504K, reserved 1245184K
  class space    used 26189K, committed 27456K, reserved 1048576K
}
Event: 50.997 GC heap after
{Heap after GC invocations=65 (full 0):
 garbage-first heap   total 348160K, used 203823K [0x0000000600000000, 0x0000000800000000)
  region size 4096K, 4 young (16384K), 4 survivors (16384K)
 Metaspace       used 194837K, committed 197504K, reserved 1245184K
  class space    used 26189K, committed 27456K, reserved 1048576K
}

